<?xml version="1.0" encoding="UTF-8"?>
<!-- Generated by org.testng.reporters.JUnitReportReporter -->
<testsuite skipped="0" hostname="ULTP725" name="amazon.STORY001_SearchTV" tests="2" failures="0" timestamp="2020-08-19T22:05:06 IST" time="13.201" errors="0">
  <testcase name="searchTelevision" time="11.592" classname="amazon.STORY001_SearchTV"/>
  <system-out/>
  <testcase name="skipLogin" time="1.609" classname="amazon.STORY001_SearchTV"/>
  <system-out/>
</testsuite> <!-- amazon.STORY001_SearchTV -->
